<?xml version="1.0" encoding="UTF-8"?>
<coverage generated="1543932319497" clover="3.2.0">
  <project timestamp="1543932319498" name="All files">
    <metrics statements="165" coveredstatements="148" conditionals="69" coveredconditionals="59" methods="41" coveredmethods="36" elements="275" coveredelements="243" complexity="0" loc="165" ncloc="165" packages="1" files="4" classes="4">
      <file name="dataset_utils.js" path="/Users/adri9ps/Desktop/2ºDAW/Cliente/TestingFantasy/buggy_code/app/data/dataset_utils.js">
        <metrics statements="20" coveredstatements="19" conditionals="39" coveredconditionals="38" methods="4" coveredmethods="4"/>
        <line num="4" count="3" type="stmt"/>
        <line num="82" count="19936" type="cond" truecount="8" falsecount="0"/>
        <line num="88" count="5348" type="stmt"/>
        <line num="90" count="14588" type="stmt"/>
        <line num="100" count="24795" type="cond" truecount="9" falsecount="0"/>
        <line num="107" count="11326" type="stmt"/>
        <line num="109" count="13469" type="stmt"/>
        <line num="118" count="33945" type="cond" truecount="15" falsecount="0"/>
        <line num="131" count="18300" type="stmt"/>
        <line num="133" count="15645" type="stmt"/>
        <line num="142" count="17987" type="cond" truecount="2" falsecount="0"/>
        <line num="143" count="2029" type="stmt"/>
        <line num="144" count="15958" type="cond" truecount="4" falsecount="1"/>
        <line num="145" count="0" type="stmt"/>
        <line num="147" count="15958" type="stmt"/>
        <line num="150" count="3" type="stmt"/>
        <line num="151" count="3" type="stmt"/>
        <line num="152" count="3" type="stmt"/>
        <line num="153" count="3" type="stmt"/>
        <line num="154" count="3" type="stmt"/>
      </file>
      <file name="json_reader.js" path="/Users/adri9ps/Desktop/2ºDAW/Cliente/TestingFantasy/buggy_code/app/data/json_reader.js">
        <metrics statements="19" coveredstatements="19" conditionals="2" coveredconditionals="2" methods="2" coveredmethods="2"/>
        <line num="1" count="3" type="stmt"/>
        <line num="2" count="3" type="stmt"/>
        <line num="3" count="3" type="stmt"/>
        <line num="4" count="3" type="stmt"/>
        <line num="12" count="3" type="stmt"/>
        <line num="13" count="3" type="stmt"/>
        <line num="14" count="17987" type="stmt"/>
        <line num="16" count="17987" type="stmt"/>
        <line num="17" count="17987" type="stmt"/>
        <line num="20" count="3" type="stmt"/>
        <line num="30" count="6" type="stmt"/>
        <line num="31" count="6" type="stmt"/>
        <line num="32" count="6" type="stmt"/>
        <line num="34" count="2" type="cond" truecount="2" falsecount="0"/>
        <line num="35" count="1" type="stmt"/>
        <line num="37" count="1" type="stmt"/>
        <line num="39" count="4" type="stmt"/>
        <line num="42" count="3" type="stmt"/>
        <line num="43" count="3" type="stmt"/>
      </file>
      <file name="player.js" path="/Users/adri9ps/Desktop/2ºDAW/Cliente/TestingFantasy/buggy_code/app/data/player.js">
        <metrics statements="46" coveredstatements="45" conditionals="8" coveredconditionals="7" methods="14" coveredmethods="14"/>
        <line num="1" count="3" type="stmt"/>
        <line num="2" count="3" type="stmt"/>
        <line num="3" count="3" type="stmt"/>
        <line num="4" count="3" type="stmt"/>
        <line num="5" count="3" type="stmt"/>
        <line num="6" count="3" type="stmt"/>
        <line num="17" count="17989" type="stmt"/>
        <line num="27" count="17987" type="stmt"/>
        <line num="28" count="17987" type="stmt"/>
        <line num="29" count="17987" type="stmt"/>
        <line num="30" count="17987" type="stmt"/>
        <line num="31" count="17987" type="stmt"/>
        <line num="32" count="17987" type="stmt"/>
        <line num="33" count="17987" type="stmt"/>
        <line num="35" count="17987" type="stmt"/>
        <line num="37" count="17987" type="stmt"/>
        <line num="38" count="17987" type="cond" truecount="2" falsecount="0"/>
        <line num="39" count="10868" type="stmt"/>
        <line num="40" count="10868" type="stmt"/>
        <line num="41" count="10868" type="stmt"/>
        <line num="42" count="7119" type="cond" truecount="2" falsecount="0"/>
        <line num="43" count="6863" type="stmt"/>
        <line num="44" count="6863" type="stmt"/>
        <line num="45" count="6863" type="stmt"/>
        <line num="47" count="17987" type="stmt"/>
        <line num="48" count="17987" type="stmt"/>
        <line num="49" count="17987" type="stmt"/>
        <line num="50" count="17987" type="stmt"/>
        <line num="51" count="17987" type="stmt"/>
        <line num="52" count="17987" type="stmt"/>
        <line num="53" count="17987" type="stmt"/>
        <line num="63" count="161829" type="stmt"/>
        <line num="71" count="161832" type="stmt"/>
        <line num="79" count="161830" type="stmt"/>
        <line num="87" count="161830" type="stmt"/>
        <line num="95" count="102" type="stmt"/>
        <line num="103" count="1" type="stmt"/>
        <line num="111" count="1" type="stmt"/>
        <line num="119" count="1" type="stmt"/>
        <line num="127" count="1" type="stmt"/>
        <line num="135" count="1091" type="stmt"/>
        <line num="143" count="3" type="stmt"/>
        <line num="152" count="496" type="cond" truecount="3" falsecount="1"/>
        <line num="153" count="0" type="stmt"/>
        <line num="155" count="496" type="stmt"/>
        <line num="159" count="3" type="stmt"/>
      </file>
      <file name="team.js" path="/Users/adri9ps/Desktop/2ºDAW/Cliente/TestingFantasy/buggy_code/app/data/team.js">
        <metrics statements="80" coveredstatements="65" conditionals="20" coveredconditionals="12" methods="21" coveredmethods="16"/>
        <line num="11" count="10" type="stmt"/>
        <line num="12" count="10" type="stmt"/>
        <line num="13" count="10" type="stmt"/>
        <line num="21" count="0" type="stmt"/>
        <line num="29" count="0" type="stmt"/>
        <line num="37" count="0" type="stmt"/>
        <line num="46" count="101" type="stmt"/>
        <line num="47" count="496" type="cond" truecount="1" falsecount="1"/>
        <line num="48" count="0" type="stmt"/>
        <line num="51" count="101" type="stmt"/>
        <line num="59" count="0" type="stmt"/>
        <line num="68" count="101" type="cond" truecount="1" falsecount="1"/>
        <line num="69" count="101" type="stmt"/>
        <line num="70" count="101" type="stmt"/>
        <line num="71" count="101" type="stmt"/>
        <line num="73" count="0" type="stmt"/>
        <line num="81" count="37" type="stmt"/>
        <line num="82" count="101" type="stmt"/>
        <line num="92" count="1" type="stmt"/>
        <line num="93" count="1" type="stmt"/>
        <line num="94" count="1" type="stmt"/>
        <line num="95" count="2" type="stmt"/>
        <line num="96" count="2" type="stmt"/>
        <line num="97" count="2" type="stmt"/>
        <line num="100" count="1" type="stmt"/>
        <line num="101" count="1" type="stmt"/>
        <line num="109" count="0" type="stmt"/>
        <line num="111" count="0" type="stmt"/>
        <line num="112" count="0" type="stmt"/>
        <line num="124" count="6" type="stmt"/>
        <line num="126" count="6" type="cond" truecount="2" falsecount="0"/>
        <line num="127" count="1" type="stmt"/>
        <line num="131" count="15" type="stmt"/>
        <line num="135" count="12" type="cond" truecount="2" falsecount="0"/>
        <line num="136" count="3" type="stmt"/>
        <line num="141" count="2" type="stmt"/>
        <line num="152" count="37" type="cond" truecount="1" falsecount="1"/>
        <line num="153" count="0" type="stmt"/>
        <line num="155" count="37" type="stmt"/>
        <line num="156" count="37" type="stmt"/>
        <line num="158" count="37" type="stmt"/>
        <line num="159" count="100" type="stmt"/>
        <line num="160" count="100" type="stmt"/>
        <line num="161" count="100" type="stmt"/>
        <line num="163" count="37" type="stmt"/>
        <line num="177" count="1" type="stmt"/>
        <line num="178" count="1" type="stmt"/>
        <line num="179" count="1" type="stmt"/>
        <line num="180" count="1" type="stmt"/>
        <line num="181" count="1" type="stmt"/>
        <line num="182" count="1" type="cond" truecount="1" falsecount="1"/>
        <line num="183" count="0" type="stmt"/>
        <line num="185" count="1" type="cond" truecount="1" falsecount="1"/>
        <line num="186" count="0" type="stmt"/>
        <line num="188" count="1" type="cond" truecount="1" falsecount="1"/>
        <line num="189" count="0" type="stmt"/>
        <line num="191" count="1" type="cond" truecount="1" falsecount="1"/>
        <line num="192" count="0" type="stmt"/>
        <line num="195" count="17981" type="stmt"/>
        <line num="196" count="1" type="cond" truecount="1" falsecount="1"/>
        <line num="197" count="0" type="stmt"/>
        <line num="204" count="1" type="stmt"/>
        <line num="205" count="1" type="stmt"/>
        <line num="206" count="1" type="stmt"/>
        <line num="207" count="9" type="stmt"/>
        <line num="210" count="9" type="stmt"/>
        <line num="212" count="9" type="stmt"/>
        <line num="213" count="161829" type="stmt"/>
        <line num="214" count="161829" type="stmt"/>
        <line num="215" count="161829" type="stmt"/>
        <line num="216" count="161829" type="stmt"/>
        <line num="218" count="36" type="stmt"/>
        <line num="220" count="36" type="stmt"/>
        <line num="222" count="36" type="stmt"/>
        <line num="224" count="36" type="stmt"/>
        <line num="226" count="99" type="stmt"/>
        <line num="228" count="36" type="stmt"/>
        <line num="233" count="9" type="stmt"/>
        <line num="237" count="1" type="stmt"/>
        <line num="243" count="1" type="stmt"/>
      </file>
    </metrics>
  </project>
</coverage>
