{"/Users/adri9ps/Desktop/2ºDAW/Cliente/TestingFantasy/buggy_code/app/data/dataset_utils.js": {"path":"/Users/adri9ps/Desktop/2ºDAW/Cliente/TestingFantasy/buggy_code/app/data/dataset_utils.js","statementMap":{"0":{"start":{"line":4,"column":16},"end":{"line":74,"column":1}},"1":{"start":{"line":82,"column":4},"end":{"line":89,"column":5}},"2":{"start":{"line":88,"column":8},"end":{"line":88,"column":20}},"3":{"start":{"line":90,"column":4},"end":{"line":90,"column":17}},"4":{"start":{"line":100,"column":4},"end":{"line":108,"column":5}},"5":{"start":{"line":107,"column":8},"end":{"line":107,"column":20}},"6":{"start":{"line":109,"column":4},"end":{"line":109,"column":17}},"7":{"start":{"line":118,"column":4},"end":{"line":132,"column":5}},"8":{"start":{"line":131,"column":8},"end":{"line":131,"column":20}},"9":{"start":{"line":133,"column":4},"end":{"line":133,"column":17}},"10":{"start":{"line":142,"column":4},"end":{"line":146,"column":5}},"11":{"start":{"line":143,"column":8},"end":{"line":143,"column":20}},"12":{"start":{"line":144,"column":11},"end":{"line":146,"column":5}},"13":{"start":{"line":145,"column":8},"end":{"line":145,"column":20}},"14":{"start":{"line":147,"column":4},"end":{"line":147,"column":17}},"15":{"start":{"line":150,"column":0},"end":{"line":150,"column":37}},"16":{"start":{"line":151,"column":0},"end":{"line":151,"column":36}},"17":{"start":{"line":152,"column":0},"end":{"line":152,"column":24}},"18":{"start":{"line":153,"column":0},"end":{"line":153,"column":30}},"19":{"start":{"line":154,"column":0},"end":{"line":154,"column":36}}},"fnMap":{"0":{"name":"isForward","decl":{"start":{"line":81,"column":9},"end":{"line":81,"column":18}},"loc":{"start":{"line":81,"column":38},"end":{"line":92,"column":1}},"line":81},"1":{"name":"isBack","decl":{"start":{"line":99,"column":9},"end":{"line":99,"column":15}},"loc":{"start":{"line":99,"column":36},"end":{"line":110,"column":1}},"line":99},"2":{"name":"isMidfielder","decl":{"start":{"line":117,"column":9},"end":{"line":117,"column":21}},"loc":{"start":{"line":117,"column":42},"end":{"line":134,"column":1}},"line":117},"3":{"name":"isGoalKeeper","decl":{"start":{"line":141,"column":9},"end":{"line":141,"column":21}},"loc":{"start":{"line":141,"column":42},"end":{"line":148,"column":1}},"line":141}},"branchMap":{"0":{"loc":{"start":{"line":82,"column":4},"end":{"line":89,"column":5}},"type":"if","locations":[{"start":{"line":82,"column":4},"end":{"line":89,"column":5}},{"start":{"line":82,"column":4},"end":{"line":89,"column":5}}],"line":82},"1":{"loc":{"start":{"line":82,"column":7},"end":{"line":87,"column":50}},"type":"binary-expr","locations":[{"start":{"line":82,"column":7},"end":{"line":82,"column":55}},{"start":{"line":83,"column":4},"end":{"line":83,"column":50}},{"start":{"line":84,"column":4},"end":{"line":84,"column":51}},{"start":{"line":85,"column":4},"end":{"line":85,"column":45}},{"start":{"line":86,"column":4},"end":{"line":86,"column":51}},{"start":{"line":87,"column":4},"end":{"line":87,"column":50}}],"line":82},"2":{"loc":{"start":{"line":100,"column":4},"end":{"line":108,"column":5}},"type":"if","locations":[{"start":{"line":100,"column":4},"end":{"line":108,"column":5}},{"start":{"line":100,"column":4},"end":{"line":108,"column":5}}],"line":100},"3":{"loc":{"start":{"line":100,"column":7},"end":{"line":106,"column":54}},"type":"binary-expr","locations":[{"start":{"line":100,"column":7},"end":{"line":100,"column":53}},{"start":{"line":101,"column":4},"end":{"line":101,"column":48}},{"start":{"line":102,"column":4},"end":{"line":102,"column":55}},{"start":{"line":103,"column":4},"end":{"line":103,"column":53}},{"start":{"line":104,"column":4},"end":{"line":104,"column":49}},{"start":{"line":105,"column":4},"end":{"line":105,"column":56}},{"start":{"line":106,"column":4},"end":{"line":106,"column":54}}],"line":100},"4":{"loc":{"start":{"line":118,"column":4},"end":{"line":132,"column":5}},"type":"if","locations":[{"start":{"line":118,"column":4},"end":{"line":132,"column":5}},{"start":{"line":118,"column":4},"end":{"line":132,"column":5}}],"line":118},"5":{"loc":{"start":{"line":118,"column":7},"end":{"line":130,"column":48}},"type":"binary-expr","locations":[{"start":{"line":118,"column":7},"end":{"line":118,"column":69}},{"start":{"line":119,"column":4},"end":{"line":119,"column":66}},{"start":{"line":120,"column":4},"end":{"line":120,"column":56}},{"start":{"line":121,"column":4},"end":{"line":121,"column":64}},{"start":{"line":122,"column":4},"end":{"line":122,"column":61}},{"start":{"line":123,"column":4},"end":{"line":123,"column":64}},{"start":{"line":124,"column":4},"end":{"line":124,"column":54}},{"start":{"line":125,"column":4},"end":{"line":125,"column":65}},{"start":{"line":126,"column":4},"end":{"line":126,"column":62}},{"start":{"line":127,"column":4},"end":{"line":127,"column":65}},{"start":{"line":128,"column":4},"end":{"line":128,"column":55}},{"start":{"line":129,"column":4},"end":{"line":129,"column":49}},{"start":{"line":130,"column":4},"end":{"line":130,"column":48}}],"line":118},"6":{"loc":{"start":{"line":142,"column":4},"end":{"line":146,"column":5}},"type":"if","locations":[{"start":{"line":142,"column":4},"end":{"line":146,"column":5}},{"start":{"line":142,"column":4},"end":{"line":146,"column":5}}],"line":142},"7":{"loc":{"start":{"line":144,"column":11},"end":{"line":146,"column":5}},"type":"if","locations":[{"start":{"line":144,"column":11},"end":{"line":146,"column":5}},{"start":{"line":144,"column":11},"end":{"line":146,"column":5}}],"line":144},"8":{"loc":{"start":{"line":144,"column":14},"end":{"line":144,"column":115}},"type":"binary-expr","locations":[{"start":{"line":144,"column":14},"end":{"line":144,"column":48}},{"start":{"line":144,"column":52},"end":{"line":144,"column":80}},{"start":{"line":144,"column":84},"end":{"line":144,"column":115}}],"line":144}},"s":{"0":3,"1":19936,"2":5348,"3":14588,"4":24795,"5":11326,"6":13469,"7":33945,"8":18300,"9":15645,"10":17987,"11":2029,"12":15958,"13":0,"14":15958,"15":3,"16":3,"17":3,"18":3,"19":3},"f":{"0":19936,"1":24795,"2":33945,"3":17987},"b":{"0":[5348,14588],"1":[19936,19484,19484,19484,14588,14588],"2":[11326,13469],"3":[24795,18116,15431,15431,15368,13517,13517],"4":[18300,15645],"5":[33945,29383,24611,22085,22085,22085,22085,18775,18775,18775,18775,16903,16043],"6":[2029,15958],"7":[0,15958],"8":[15958,6808,1949]},"_coverageSchema":"332fd63041d2c1bcb487cc26dd0d5f7d97098a6c","hash":"ae917c323ca7b682042708afa6809ef85d98e3eb"}
,"/Users/adri9ps/Desktop/2ºDAW/Cliente/TestingFantasy/buggy_code/app/data/json_reader.js": {"path":"/Users/adri9ps/Desktop/2ºDAW/Cliente/TestingFantasy/buggy_code/app/data/json_reader.js","statementMap":{"0":{"start":{"line":1,"column":11},"end":{"line":1,"column":24}},"1":{"start":{"line":2,"column":22},"end":{"line":2,"column":65}},"2":{"start":{"line":3,"column":19},"end":{"line":3,"column":44}},"3":{"start":{"line":4,"column":16},"end":{"line":4,"column":42}},"4":{"start":{"line":12,"column":21},"end":{"line":12,"column":23}},"5":{"start":{"line":13,"column":4},"end":{"line":18,"column":5}},"6":{"start":{"line":14,"column":17},"end":{"line":14,"column":48}},"7":{"start":{"line":16,"column":24},"end":{"line":16,"column":63}},"8":{"start":{"line":17,"column":8},"end":{"line":17,"column":35}},"9":{"start":{"line":20,"column":4},"end":{"line":20,"column":22}},"10":{"start":{"line":30,"column":21},"end":{"line":30,"column":30}},"11":{"start":{"line":31,"column":4},"end":{"line":38,"column":5}},"12":{"start":{"line":32,"column":8},"end":{"line":32,"column":42}},"13":{"start":{"line":34,"column":8},"end":{"line":37,"column":53}},"14":{"start":{"line":35,"column":12},"end":{"line":35,"column":62}},"15":{"start":{"line":37,"column":13},"end":{"line":37,"column":53}},"16":{"start":{"line":39,"column":4},"end":{"line":39,"column":22}},"17":{"start":{"line":42,"column":0},"end":{"line":42,"column":36}},"18":{"start":{"line":43,"column":0},"end":{"line":43,"column":55}}},"fnMap":{"0":{"name":"extractDataFromRawJSON","decl":{"start":{"line":11,"column":9},"end":{"line":11,"column":31}},"loc":{"start":{"line":11,"column":43},"end":{"line":21,"column":1}},"line":11},"1":{"name":"readJSONData","decl":{"start":{"line":29,"column":9},"end":{"line":29,"column":21}},"loc":{"start":{"line":29,"column":31},"end":{"line":40,"column":1}},"line":29}},"branchMap":{"0":{"loc":{"start":{"line":34,"column":8},"end":{"line":37,"column":53}},"type":"if","locations":[{"start":{"line":34,"column":8},"end":{"line":37,"column":53}},{"start":{"line":34,"column":8},"end":{"line":37,"column":53}}],"line":34}},"s":{"0":3,"1":3,"2":3,"3":3,"4":3,"5":3,"6":17987,"7":17987,"8":17987,"9":3,"10":6,"11":6,"12":6,"13":2,"14":1,"15":1,"16":4,"17":3,"18":3},"f":{"0":3,"1":6},"b":{"0":[1,1]},"_coverageSchema":"332fd63041d2c1bcb487cc26dd0d5f7d97098a6c","hash":"1fb3819755b0b3c7428523a6a7ee1d138d9813e4"}
,"/Users/adri9ps/Desktop/2ºDAW/Cliente/TestingFantasy/buggy_code/app/data/player.js": {"path":"/Users/adri9ps/Desktop/2ºDAW/Cliente/TestingFantasy/buggy_code/app/data/player.js","statementMap":{"0":{"start":{"line":1,"column":22},"end":{"line":1,"column":48}},"1":{"start":{"line":2,"column":16},"end":{"line":2,"column":46}},"2":{"start":{"line":3,"column":21},"end":{"line":3,"column":47}},"3":{"start":{"line":4,"column":21},"end":{"line":4,"column":47}},"4":{"start":{"line":5,"column":18},"end":{"line":5,"column":41}},"5":{"start":{"line":6,"column":15},"end":{"line":6,"column":35}},"6":{"start":{"line":17,"column":8},"end":{"line":17,"column":27}},"7":{"start":{"line":27,"column":21},"end":{"line":27,"column":41}},"8":{"start":{"line":28,"column":8},"end":{"line":28,"column":52}},"9":{"start":{"line":29,"column":8},"end":{"line":29,"column":49}},"10":{"start":{"line":30,"column":8},"end":{"line":30,"column":55}},"11":{"start":{"line":31,"column":8},"end":{"line":31,"column":47}},"12":{"start":{"line":32,"column":8},"end":{"line":32,"column":49}},"13":{"start":{"line":33,"column":8},"end":{"line":33,"column":63}},"14":{"start":{"line":35,"column":20},"end":{"line":35,"column":54}},"15":{"start":{"line":37,"column":20},"end":{"line":37,"column":47}},"16":{"start":{"line":38,"column":8},"end":{"line":46,"column":9}},"17":{"start":{"line":39,"column":26},"end":{"line":39,"column":43}},"18":{"start":{"line":40,"column":31},"end":{"line":40,"column":50}},"19":{"start":{"line":41,"column":12},"end":{"line":41,"column":44}},"20":{"start":{"line":42,"column":14},"end":{"line":46,"column":9}},"21":{"start":{"line":43,"column":26},"end":{"line":43,"column":43}},"22":{"start":{"line":44,"column":31},"end":{"line":44,"column":50}},"23":{"start":{"line":45,"column":12},"end":{"line":45,"column":47}},"24":{"start":{"line":47,"column":8},"end":{"line":47,"column":35}},"25":{"start":{"line":48,"column":33},"end":{"line":48,"column":94}},"26":{"start":{"line":49,"column":8},"end":{"line":49,"column":64}},"27":{"start":{"line":50,"column":8},"end":{"line":50,"column":52}},"28":{"start":{"line":51,"column":8},"end":{"line":51,"column":58}},"29":{"start":{"line":52,"column":8},"end":{"line":52,"column":64}},"30":{"start":{"line":53,"column":8},"end":{"line":53,"column":22}},"31":{"start":{"line":63,"column":8},"end":{"line":63,"column":34}},"32":{"start":{"line":71,"column":8},"end":{"line":71,"column":31}},"33":{"start":{"line":79,"column":8},"end":{"line":79,"column":28}},"34":{"start":{"line":87,"column":8},"end":{"line":87,"column":34}},"35":{"start":{"line":95,"column":8},"end":{"line":95,"column":26}},"36":{"start":{"line":103,"column":8},"end":{"line":103,"column":28}},"37":{"start":{"line":111,"column":8},"end":{"line":111,"column":25}},"38":{"start":{"line":119,"column":8},"end":{"line":119,"column":24}},"39":{"start":{"line":127,"column":8},"end":{"line":127,"column":25}},"40":{"start":{"line":135,"column":8},"end":{"line":135,"column":23}},"41":{"start":{"line":143,"column":8},"end":{"line":143,"column":28}},"42":{"start":{"line":152,"column":8},"end":{"line":154,"column":9}},"43":{"start":{"line":153,"column":12},"end":{"line":153,"column":24}},"44":{"start":{"line":155,"column":8},"end":{"line":155,"column":21}},"45":{"start":{"line":159,"column":0},"end":{"line":159,"column":24}}},"fnMap":{"0":{"name":"(anonymous_0)","decl":{"start":{"line":16,"column":4},"end":{"line":16,"column":5}},"loc":{"start":{"line":16,"column":25},"end":{"line":18,"column":5}},"line":16},"1":{"name":"(anonymous_1)","decl":{"start":{"line":26,"column":4},"end":{"line":26,"column":5}},"loc":{"start":{"line":26,"column":53},"end":{"line":54,"column":5}},"line":26},"2":{"name":"(anonymous_2)","decl":{"start":{"line":62,"column":4},"end":{"line":62,"column":5}},"loc":{"start":{"line":62,"column":18},"end":{"line":64,"column":5}},"line":62},"3":{"name":"(anonymous_3)","decl":{"start":{"line":70,"column":4},"end":{"line":70,"column":5}},"loc":{"start":{"line":70,"column":15},"end":{"line":72,"column":5}},"line":70},"4":{"name":"(anonymous_4)","decl":{"start":{"line":78,"column":4},"end":{"line":78,"column":5}},"loc":{"start":{"line":78,"column":12},"end":{"line":80,"column":5}},"line":78},"5":{"name":"(anonymous_5)","decl":{"start":{"line":86,"column":4},"end":{"line":86,"column":5}},"loc":{"start":{"line":86,"column":18},"end":{"line":88,"column":5}},"line":86},"6":{"name":"(anonymous_6)","decl":{"start":{"line":94,"column":4},"end":{"line":94,"column":5}},"loc":{"start":{"line":94,"column":14},"end":{"line":96,"column":5}},"line":94},"7":{"name":"(anonymous_7)","decl":{"start":{"line":102,"column":4},"end":{"line":102,"column":5}},"loc":{"start":{"line":102,"column":20},"end":{"line":104,"column":5}},"line":102},"8":{"name":"(anonymous_8)","decl":{"start":{"line":110,"column":4},"end":{"line":110,"column":5}},"loc":{"start":{"line":110,"column":13},"end":{"line":112,"column":5}},"line":110},"9":{"name":"(anonymous_9)","decl":{"start":{"line":118,"column":4},"end":{"line":118,"column":5}},"loc":{"start":{"line":118,"column":12},"end":{"line":120,"column":5}},"line":118},"10":{"name":"(anonymous_10)","decl":{"start":{"line":126,"column":4},"end":{"line":126,"column":5}},"loc":{"start":{"line":126,"column":13},"end":{"line":128,"column":5}},"line":126},"11":{"name":"(anonymous_11)","decl":{"start":{"line":134,"column":4},"end":{"line":134,"column":5}},"loc":{"start":{"line":134,"column":11},"end":{"line":136,"column":5}},"line":134},"12":{"name":"(anonymous_12)","decl":{"start":{"line":142,"column":4},"end":{"line":142,"column":5}},"loc":{"start":{"line":142,"column":16},"end":{"line":144,"column":5}},"line":142},"13":{"name":"(anonymous_13)","decl":{"start":{"line":151,"column":4},"end":{"line":151,"column":5}},"loc":{"start":{"line":151,"column":15},"end":{"line":156,"column":5}},"line":151}},"branchMap":{"0":{"loc":{"start":{"line":38,"column":8},"end":{"line":46,"column":9}},"type":"if","locations":[{"start":{"line":38,"column":8},"end":{"line":46,"column":9}},{"start":{"line":38,"column":8},"end":{"line":46,"column":9}}],"line":38},"1":{"loc":{"start":{"line":42,"column":14},"end":{"line":46,"column":9}},"type":"if","locations":[{"start":{"line":42,"column":14},"end":{"line":46,"column":9}},{"start":{"line":42,"column":14},"end":{"line":46,"column":9}}],"line":42},"2":{"loc":{"start":{"line":152,"column":8},"end":{"line":154,"column":9}},"type":"if","locations":[{"start":{"line":152,"column":8},"end":{"line":154,"column":9}},{"start":{"line":152,"column":8},"end":{"line":154,"column":9}}],"line":152},"3":{"loc":{"start":{"line":152,"column":11},"end":{"line":152,"column":69}},"type":"binary-expr","locations":[{"start":{"line":152,"column":11},"end":{"line":152,"column":38}},{"start":{"line":152,"column":42},"end":{"line":152,"column":69}}],"line":152}},"s":{"0":3,"1":3,"2":3,"3":3,"4":3,"5":3,"6":17989,"7":17987,"8":17987,"9":17987,"10":17987,"11":17987,"12":17987,"13":17987,"14":17987,"15":17987,"16":17987,"17":10868,"18":10868,"19":10868,"20":7119,"21":6863,"22":6863,"23":6863,"24":17987,"25":17987,"26":17987,"27":17987,"28":17987,"29":17987,"30":17987,"31":161829,"32":161832,"33":161830,"34":161830,"35":102,"36":1,"37":1,"38":1,"39":1,"40":1091,"41":3,"42":496,"43":0,"44":496,"45":3},"f":{"0":17989,"1":17987,"2":161829,"3":161832,"4":161830,"5":161830,"6":102,"7":1,"8":1,"9":1,"10":1,"11":1091,"12":3,"13":496},"b":{"0":[10868,7119],"1":[6863,256],"2":[0,496],"3":[496,496]},"_coverageSchema":"332fd63041d2c1bcb487cc26dd0d5f7d97098a6c","hash":"5efe5d9b75a8225d64598170a70acf08512124a6"}
,"/Users/adri9ps/Desktop/2ºDAW/Cliente/TestingFantasy/buggy_code/app/data/team.js": {"path":"/Users/adri9ps/Desktop/2ºDAW/Cliente/TestingFantasy/buggy_code/app/data/team.js","statementMap":{"0":{"start":{"line":11,"column":8},"end":{"line":11,"column":33}},"1":{"start":{"line":12,"column":8},"end":{"line":12,"column":39}},"2":{"start":{"line":13,"column":8},"end":{"line":13,"column":27}},"3":{"start":{"line":21,"column":8},"end":{"line":21,"column":29}},"4":{"start":{"line":29,"column":8},"end":{"line":29,"column":30}},"5":{"start":{"line":37,"column":8},"end":{"line":37,"column":40}},"6":{"start":{"line":46,"column":8},"end":{"line":50,"column":9}},"7":{"start":{"line":47,"column":12},"end":{"line":49,"column":13}},"8":{"start":{"line":48,"column":16},"end":{"line":48,"column":28}},"9":{"start":{"line":51,"column":8},"end":{"line":51,"column":21}},"10":{"start":{"line":59,"column":8},"end":{"line":59,"column":39}},"11":{"start":{"line":68,"column":8},"end":{"line":72,"column":9}},"12":{"start":{"line":69,"column":12},"end":{"line":69,"column":42}},"13":{"start":{"line":70,"column":12},"end":{"line":70,"column":46}},"14":{"start":{"line":71,"column":12},"end":{"line":71,"column":24}},"15":{"start":{"line":73,"column":8},"end":{"line":73,"column":21}},"16":{"start":{"line":81,"column":8},"end":{"line":83,"column":9}},"17":{"start":{"line":82,"column":12},"end":{"line":82,"column":35}},"18":{"start":{"line":92,"column":24},"end":{"line":92,"column":25}},"19":{"start":{"line":93,"column":23},"end":{"line":93,"column":24}},"20":{"start":{"line":94,"column":8},"end":{"line":98,"column":9}},"21":{"start":{"line":95,"column":20},"end":{"line":95,"column":39}},"22":{"start":{"line":96,"column":12},"end":{"line":96,"column":38}},"23":{"start":{"line":97,"column":12},"end":{"line":97,"column":23}},"24":{"start":{"line":100,"column":20},"end":{"line":100,"column":38}},"25":{"start":{"line":101,"column":8},"end":{"line":101,"column":21}},"26":{"start":{"line":109,"column":27},"end":{"line":109,"column":92}},"27":{"start":{"line":111,"column":22},"end":{"line":111,"column":73}},"28":{"start":{"line":112,"column":4},"end":{"line":112,"column":41}},"29":{"start":{"line":124,"column":33},"end":{"line":124,"column":50}},"30":{"start":{"line":126,"column":8},"end":{"line":129,"column":9}},"31":{"start":{"line":127,"column":12},"end":{"line":128,"column":53}},"32":{"start":{"line":131,"column":8},"end":{"line":131,"column":78}},"33":{"start":{"line":131,"column":61},"end":{"line":131,"column":75}},"34":{"start":{"line":135,"column":8},"end":{"line":137,"column":9}},"35":{"start":{"line":135,"column":42},"end":{"line":135,"column":50}},"36":{"start":{"line":136,"column":12},"end":{"line":136,"column":74}},"37":{"start":{"line":141,"column":8},"end":{"line":141,"column":34}},"38":{"start":{"line":152,"column":8},"end":{"line":154,"column":9}},"39":{"start":{"line":153,"column":12},"end":{"line":153,"column":63}},"40":{"start":{"line":155,"column":30},"end":{"line":155,"column":41}},"41":{"start":{"line":156,"column":30},"end":{"line":156,"column":49}},"42":{"start":{"line":158,"column":8},"end":{"line":162,"column":9}},"43":{"start":{"line":159,"column":30},"end":{"line":159,"column":78}},"44":{"start":{"line":160,"column":25},"end":{"line":160,"column":53}},"45":{"start":{"line":161,"column":12},"end":{"line":161,"column":41}},"46":{"start":{"line":163,"column":8},"end":{"line":163,"column":31}},"47":{"start":{"line":177,"column":33},"end":{"line":177,"column":58}},"48":{"start":{"line":178,"column":28},"end":{"line":178,"column":59}},"49":{"start":{"line":179,"column":32},"end":{"line":179,"column":63}},"50":{"start":{"line":180,"column":31},"end":{"line":180,"column":62}},"51":{"start":{"line":181,"column":33},"end":{"line":181,"column":89}},"52":{"start":{"line":182,"column":8},"end":{"line":184,"column":9}},"53":{"start":{"line":183,"column":12},"end":{"line":183,"column":65}},"54":{"start":{"line":185,"column":8},"end":{"line":187,"column":9}},"55":{"start":{"line":186,"column":12},"end":{"line":186,"column":61}},"56":{"start":{"line":188,"column":8},"end":{"line":190,"column":9}},"57":{"start":{"line":189,"column":12},"end":{"line":189,"column":63}},"58":{"start":{"line":191,"column":8},"end":{"line":193,"column":9}},"59":{"start":{"line":192,"column":12},"end":{"line":192,"column":65}},"60":{"start":{"line":195,"column":31},"end":{"line":195,"column":93}},"61":{"start":{"line":195,"column":68},"end":{"line":195,"column":92}},"62":{"start":{"line":196,"column":8},"end":{"line":198,"column":9}},"63":{"start":{"line":197,"column":12},"end":{"line":197,"column":57}},"64":{"start":{"line":204,"column":25},"end":{"line":204,"column":38}},"65":{"start":{"line":205,"column":21},"end":{"line":205,"column":25}},"66":{"start":{"line":206,"column":8},"end":{"line":235,"column":9}},"67":{"start":{"line":207,"column":12},"end":{"line":207,"column":41}},"68":{"start":{"line":210,"column":35},"end":{"line":210,"column":44}},"69":{"start":{"line":212,"column":12},"end":{"line":231,"column":13}},"70":{"start":{"line":213,"column":25},"end":{"line":213,"column":46}},"71":{"start":{"line":214,"column":25},"end":{"line":214,"column":40}},"72":{"start":{"line":215,"column":25},"end":{"line":215,"column":46}},"73":{"start":{"line":216,"column":25},"end":{"line":216,"column":43}},"74":{"start":{"line":218,"column":40},"end":{"line":218,"column":65}},"75":{"start":{"line":220,"column":46},"end":{"line":220,"column":71}},"76":{"start":{"line":222,"column":34},"end":{"line":222,"column":79}},"77":{"start":{"line":224,"column":38},"end":{"line":224,"column":97}},"78":{"start":{"line":226,"column":16},"end":{"line":226,"column":88}},"79":{"start":{"line":226,"column":50},"end":{"line":226,"column":86}},"80":{"start":{"line":228,"column":16},"end":{"line":228,"column":52}},"81":{"start":{"line":233,"column":12},"end":{"line":233,"column":44}},"82":{"start":{"line":237,"column":8},"end":{"line":237,"column":23}},"83":{"start":{"line":243,"column":0},"end":{"line":243,"column":20}}},"fnMap":{"0":{"name":"(anonymous_0)","decl":{"start":{"line":10,"column":4},"end":{"line":10,"column":5}},"loc":{"start":{"line":10,"column":25},"end":{"line":14,"column":5}},"line":10},"1":{"name":"(anonymous_1)","decl":{"start":{"line":20,"column":4},"end":{"line":20,"column":5}},"loc":{"start":{"line":20,"column":17},"end":{"line":22,"column":5}},"line":20},"2":{"name":"(anonymous_2)","decl":{"start":{"line":28,"column":4},"end":{"line":28,"column":5}},"loc":{"start":{"line":28,"column":18},"end":{"line":30,"column":5}},"line":28},"3":{"name":"(anonymous_3)","decl":{"start":{"line":36,"column":4},"end":{"line":36,"column":5}},"loc":{"start":{"line":36,"column":16},"end":{"line":38,"column":5}},"line":36},"4":{"name":"(anonymous_4)","decl":{"start":{"line":45,"column":4},"end":{"line":45,"column":5}},"loc":{"start":{"line":45,"column":21},"end":{"line":52,"column":5}},"line":45},"5":{"name":"(anonymous_5)","decl":{"start":{"line":58,"column":4},"end":{"line":58,"column":5}},"loc":{"start":{"line":58,"column":22},"end":{"line":60,"column":5}},"line":58},"6":{"name":"(anonymous_6)","decl":{"start":{"line":67,"column":4},"end":{"line":67,"column":5}},"loc":{"start":{"line":67,"column":21},"end":{"line":74,"column":5}},"line":67},"7":{"name":"(anonymous_7)","decl":{"start":{"line":80,"column":4},"end":{"line":80,"column":5}},"loc":{"start":{"line":80,"column":27},"end":{"line":84,"column":5}},"line":80},"8":{"name":"(anonymous_8)","decl":{"start":{"line":90,"column":4},"end":{"line":90,"column":5}},"loc":{"start":{"line":90,"column":27},"end":{"line":102,"column":5}},"line":90},"9":{"name":"(anonymous_9)","decl":{"start":{"line":108,"column":3},"end":{"line":108,"column":4}},"loc":{"start":{"line":108,"column":31},"end":{"line":113,"column":8}},"line":108},"10":{"name":"(anonymous_10)","decl":{"start":{"line":122,"column":4},"end":{"line":122,"column":5}},"loc":{"start":{"line":122,"column":31},"end":{"line":142,"column":5}},"line":122},"11":{"name":"(anonymous_11)","decl":{"start":{"line":131,"column":53},"end":{"line":131,"column":54}},"loc":{"start":{"line":131,"column":61},"end":{"line":131,"column":75}},"line":131},"12":{"name":"(anonymous_12)","decl":{"start":{"line":135,"column":37},"end":{"line":135,"column":38}},"loc":{"start":{"line":135,"column":42},"end":{"line":135,"column":50}},"line":135},"13":{"name":"(anonymous_13)","decl":{"start":{"line":151,"column":4},"end":{"line":151,"column":5}},"loc":{"start":{"line":151,"column":55},"end":{"line":164,"column":5}},"line":151},"14":{"name":"(anonymous_14)","decl":{"start":{"line":175,"column":4},"end":{"line":175,"column":5}},"loc":{"start":{"line":175,"column":74},"end":{"line":239,"column":5}},"line":175},"15":{"name":"(anonymous_15)","decl":{"start":{"line":195,"column":58},"end":{"line":195,"column":59}},"loc":{"start":{"line":195,"column":68},"end":{"line":195,"column":92}},"line":195},"16":{"name":"(anonymous_16)","decl":{"start":{"line":213,"column":17},"end":{"line":213,"column":18}},"loc":{"start":{"line":213,"column":25},"end":{"line":213,"column":46}},"line":213},"17":{"name":"(anonymous_17)","decl":{"start":{"line":214,"column":17},"end":{"line":214,"column":18}},"loc":{"start":{"line":214,"column":25},"end":{"line":214,"column":40}},"line":214},"18":{"name":"(anonymous_18)","decl":{"start":{"line":215,"column":17},"end":{"line":215,"column":18}},"loc":{"start":{"line":215,"column":25},"end":{"line":215,"column":46}},"line":215},"19":{"name":"(anonymous_19)","decl":{"start":{"line":216,"column":17},"end":{"line":216,"column":18}},"loc":{"start":{"line":216,"column":25},"end":{"line":216,"column":43}},"line":216},"20":{"name":"(anonymous_20)","decl":{"start":{"line":226,"column":40},"end":{"line":226,"column":41}},"loc":{"start":{"line":226,"column":50},"end":{"line":226,"column":86}},"line":226}},"branchMap":{"0":{"loc":{"start":{"line":47,"column":12},"end":{"line":49,"column":13}},"type":"if","locations":[{"start":{"line":47,"column":12},"end":{"line":49,"column":13}},{"start":{"line":47,"column":12},"end":{"line":49,"column":13}}],"line":47},"1":{"loc":{"start":{"line":68,"column":8},"end":{"line":72,"column":9}},"type":"if","locations":[{"start":{"line":68,"column":8},"end":{"line":72,"column":9}},{"start":{"line":68,"column":8},"end":{"line":72,"column":9}}],"line":68},"2":{"loc":{"start":{"line":126,"column":8},"end":{"line":129,"column":9}},"type":"if","locations":[{"start":{"line":126,"column":8},"end":{"line":129,"column":9}},{"start":{"line":126,"column":8},"end":{"line":129,"column":9}}],"line":126},"3":{"loc":{"start":{"line":135,"column":8},"end":{"line":137,"column":9}},"type":"if","locations":[{"start":{"line":135,"column":8},"end":{"line":137,"column":9}},{"start":{"line":135,"column":8},"end":{"line":137,"column":9}}],"line":135},"4":{"loc":{"start":{"line":152,"column":8},"end":{"line":154,"column":9}},"type":"if","locations":[{"start":{"line":152,"column":8},"end":{"line":154,"column":9}},{"start":{"line":152,"column":8},"end":{"line":154,"column":9}}],"line":152},"5":{"loc":{"start":{"line":182,"column":8},"end":{"line":184,"column":9}},"type":"if","locations":[{"start":{"line":182,"column":8},"end":{"line":184,"column":9}},{"start":{"line":182,"column":8},"end":{"line":184,"column":9}}],"line":182},"6":{"loc":{"start":{"line":185,"column":8},"end":{"line":187,"column":9}},"type":"if","locations":[{"start":{"line":185,"column":8},"end":{"line":187,"column":9}},{"start":{"line":185,"column":8},"end":{"line":187,"column":9}}],"line":185},"7":{"loc":{"start":{"line":188,"column":8},"end":{"line":190,"column":9}},"type":"if","locations":[{"start":{"line":188,"column":8},"end":{"line":190,"column":9}},{"start":{"line":188,"column":8},"end":{"line":190,"column":9}}],"line":188},"8":{"loc":{"start":{"line":191,"column":8},"end":{"line":193,"column":9}},"type":"if","locations":[{"start":{"line":191,"column":8},"end":{"line":193,"column":9}},{"start":{"line":191,"column":8},"end":{"line":193,"column":9}}],"line":191},"9":{"loc":{"start":{"line":196,"column":8},"end":{"line":198,"column":9}},"type":"if","locations":[{"start":{"line":196,"column":8},"end":{"line":198,"column":9}},{"start":{"line":196,"column":8},"end":{"line":198,"column":9}}],"line":196}},"s":{"0":10,"1":10,"2":10,"3":0,"4":0,"5":0,"6":101,"7":496,"8":0,"9":101,"10":0,"11":101,"12":101,"13":101,"14":101,"15":0,"16":37,"17":101,"18":1,"19":1,"20":1,"21":2,"22":2,"23":2,"24":1,"25":1,"26":0,"27":0,"28":0,"29":6,"30":6,"31":1,"32":5,"33":15,"34":5,"35":12,"36":3,"37":2,"38":37,"39":0,"40":37,"41":37,"42":37,"43":100,"44":100,"45":100,"46":37,"47":1,"48":1,"49":1,"50":1,"51":1,"52":1,"53":0,"54":1,"55":0,"56":1,"57":0,"58":1,"59":0,"60":1,"61":17981,"62":1,"63":0,"64":1,"65":1,"66":1,"67":9,"68":9,"69":9,"70":161829,"71":161829,"72":161829,"73":161829,"74":36,"75":36,"76":36,"77":36,"78":36,"79":99,"80":36,"81":9,"82":1,"83":1},"f":{"0":10,"1":0,"2":0,"3":0,"4":101,"5":0,"6":101,"7":37,"8":1,"9":0,"10":6,"11":15,"12":12,"13":37,"14":1,"15":17981,"16":161829,"17":161829,"18":161829,"19":161829,"20":99},"b":{"0":[0,496],"1":[101,0],"2":[1,5],"3":[3,2],"4":[0,37],"5":[0,1],"6":[0,1],"7":[0,1],"8":[0,1],"9":[0,1]},"_coverageSchema":"332fd63041d2c1bcb487cc26dd0d5f7d97098a6c","hash":"399229615ba9821f346d2d862bec1d4818d3640d"}
}
