TN:
SF:/Users/adri9ps/Desktop/2ºDAW/Cliente/TestingFantasy/buggy_code/app/data/dataset_utils.js
FN:81,isForward
FN:99,isBack
FN:117,isMidfielder
FN:141,isGoalKeeper
FNF:4
FNH:4
FNDA:19936,isForward
FNDA:24795,isBack
FNDA:33945,isMidfielder
FNDA:17987,isGoalKeeper
DA:4,3
DA:82,19936
DA:88,5348
DA:90,14588
DA:100,24795
DA:107,11326
DA:109,13469
DA:118,33945
DA:131,18300
DA:133,15645
DA:142,17987
DA:143,2029
DA:144,15958
DA:145,0
DA:147,15958
DA:150,3
DA:151,3
DA:152,3
DA:153,3
DA:154,3
LF:20
LH:19
BRDA:82,0,0,5348
BRDA:82,0,1,14588
BRDA:82,1,0,19936
BRDA:82,1,1,19484
BRDA:82,1,2,19484
BRDA:82,1,3,19484
BRDA:82,1,4,14588
BRDA:82,1,5,14588
BRDA:100,2,0,11326
BRDA:100,2,1,13469
BRDA:100,3,0,24795
BRDA:100,3,1,18116
BRDA:100,3,2,15431
BRDA:100,3,3,15431
BRDA:100,3,4,15368
BRDA:100,3,5,13517
BRDA:100,3,6,13517
BRDA:118,4,0,18300
BRDA:118,4,1,15645
BRDA:118,5,0,33945
BRDA:118,5,1,29383
BRDA:118,5,2,24611
BRDA:118,5,3,22085
BRDA:118,5,4,22085
BRDA:118,5,5,22085
BRDA:118,5,6,22085
BRDA:118,5,7,18775
BRDA:118,5,8,18775
BRDA:118,5,9,18775
BRDA:118,5,10,18775
BRDA:118,5,11,16903
BRDA:118,5,12,16043
BRDA:142,6,0,2029
BRDA:142,6,1,15958
BRDA:144,7,0,0
BRDA:144,7,1,15958
BRDA:144,8,0,15958
BRDA:144,8,1,6808
BRDA:144,8,2,1949
BRF:39
BRH:38
end_of_record
TN:
SF:/Users/adri9ps/Desktop/2ºDAW/Cliente/TestingFantasy/buggy_code/app/data/json_reader.js
FN:11,extractDataFromRawJSON
FN:29,readJSONData
FNF:2
FNH:2
FNDA:3,extractDataFromRawJSON
FNDA:6,readJSONData
DA:1,3
DA:2,3
DA:3,3
DA:4,3
DA:12,3
DA:13,3
DA:14,17987
DA:16,17987
DA:17,17987
DA:20,3
DA:30,6
DA:31,6
DA:32,6
DA:34,2
DA:35,1
DA:37,1
DA:39,4
DA:42,3
DA:43,3
LF:19
LH:19
BRDA:34,0,0,1
BRDA:34,0,1,1
BRF:2
BRH:2
end_of_record
TN:
SF:/Users/adri9ps/Desktop/2ºDAW/Cliente/TestingFantasy/buggy_code/app/data/player.js
FN:16,(anonymous_0)
FN:26,(anonymous_1)
FN:62,(anonymous_2)
FN:70,(anonymous_3)
FN:78,(anonymous_4)
FN:86,(anonymous_5)
FN:94,(anonymous_6)
FN:102,(anonymous_7)
FN:110,(anonymous_8)
FN:118,(anonymous_9)
FN:126,(anonymous_10)
FN:134,(anonymous_11)
FN:142,(anonymous_12)
FN:151,(anonymous_13)
FNF:14
FNH:14
FNDA:17989,(anonymous_0)
FNDA:17987,(anonymous_1)
FNDA:161829,(anonymous_2)
FNDA:161832,(anonymous_3)
FNDA:161830,(anonymous_4)
FNDA:161830,(anonymous_5)
FNDA:102,(anonymous_6)
FNDA:1,(anonymous_7)
FNDA:1,(anonymous_8)
FNDA:1,(anonymous_9)
FNDA:1,(anonymous_10)
FNDA:1091,(anonymous_11)
FNDA:3,(anonymous_12)
FNDA:496,(anonymous_13)
DA:1,3
DA:2,3
DA:3,3
DA:4,3
DA:5,3
DA:6,3
DA:17,17989
DA:27,17987
DA:28,17987
DA:29,17987
DA:30,17987
DA:31,17987
DA:32,17987
DA:33,17987
DA:35,17987
DA:37,17987
DA:38,17987
DA:39,10868
DA:40,10868
DA:41,10868
DA:42,7119
DA:43,6863
DA:44,6863
DA:45,6863
DA:47,17987
DA:48,17987
DA:49,17987
DA:50,17987
DA:51,17987
DA:52,17987
DA:53,17987
DA:63,161829
DA:71,161832
DA:79,161830
DA:87,161830
DA:95,102
DA:103,1
DA:111,1
DA:119,1
DA:127,1
DA:135,1091
DA:143,3
DA:152,496
DA:153,0
DA:155,496
DA:159,3
LF:46
LH:45
BRDA:38,0,0,10868
BRDA:38,0,1,7119
BRDA:42,1,0,6863
BRDA:42,1,1,256
BRDA:152,2,0,0
BRDA:152,2,1,496
BRDA:152,3,0,496
BRDA:152,3,1,496
BRF:8
BRH:7
end_of_record
TN:
SF:/Users/adri9ps/Desktop/2ºDAW/Cliente/TestingFantasy/buggy_code/app/data/team.js
FN:10,(anonymous_0)
FN:20,(anonymous_1)
FN:28,(anonymous_2)
FN:36,(anonymous_3)
FN:45,(anonymous_4)
FN:58,(anonymous_5)
FN:67,(anonymous_6)
FN:80,(anonymous_7)
FN:90,(anonymous_8)
FN:108,(anonymous_9)
FN:122,(anonymous_10)
FN:131,(anonymous_11)
FN:135,(anonymous_12)
FN:151,(anonymous_13)
FN:175,(anonymous_14)
FN:195,(anonymous_15)
FN:213,(anonymous_16)
FN:214,(anonymous_17)
FN:215,(anonymous_18)
FN:216,(anonymous_19)
FN:226,(anonymous_20)
FNF:21
FNH:16
FNDA:10,(anonymous_0)
FNDA:0,(anonymous_1)
FNDA:0,(anonymous_2)
FNDA:0,(anonymous_3)
FNDA:101,(anonymous_4)
FNDA:0,(anonymous_5)
FNDA:101,(anonymous_6)
FNDA:37,(anonymous_7)
FNDA:1,(anonymous_8)
FNDA:0,(anonymous_9)
FNDA:6,(anonymous_10)
FNDA:15,(anonymous_11)
FNDA:12,(anonymous_12)
FNDA:37,(anonymous_13)
FNDA:1,(anonymous_14)
FNDA:17981,(anonymous_15)
FNDA:161829,(anonymous_16)
FNDA:161829,(anonymous_17)
FNDA:161829,(anonymous_18)
FNDA:161829,(anonymous_19)
FNDA:99,(anonymous_20)
DA:11,10
DA:12,10
DA:13,10
DA:21,0
DA:29,0
DA:37,0
DA:46,101
DA:47,496
DA:48,0
DA:51,101
DA:59,0
DA:68,101
DA:69,101
DA:70,101
DA:71,101
DA:73,0
DA:81,37
DA:82,101
DA:92,1
DA:93,1
DA:94,1
DA:95,2
DA:96,2
DA:97,2
DA:100,1
DA:101,1
DA:109,0
DA:111,0
DA:112,0
DA:124,6
DA:126,6
DA:127,1
DA:131,15
DA:135,12
DA:136,3
DA:141,2
DA:152,37
DA:153,0
DA:155,37
DA:156,37
DA:158,37
DA:159,100
DA:160,100
DA:161,100
DA:163,37
DA:177,1
DA:178,1
DA:179,1
DA:180,1
DA:181,1
DA:182,1
DA:183,0
DA:185,1
DA:186,0
DA:188,1
DA:189,0
DA:191,1
DA:192,0
DA:195,17981
DA:196,1
DA:197,0
DA:204,1
DA:205,1
DA:206,1
DA:207,9
DA:210,9
DA:212,9
DA:213,161829
DA:214,161829
DA:215,161829
DA:216,161829
DA:218,36
DA:220,36
DA:222,36
DA:224,36
DA:226,99
DA:228,36
DA:233,9
DA:237,1
DA:243,1
LF:80
LH:65
BRDA:47,0,0,0
BRDA:47,0,1,496
BRDA:68,1,0,101
BRDA:68,1,1,0
BRDA:126,2,0,1
BRDA:126,2,1,5
BRDA:135,3,0,3
BRDA:135,3,1,2
BRDA:152,4,0,0
BRDA:152,4,1,37
BRDA:182,5,0,0
BRDA:182,5,1,1
BRDA:185,6,0,0
BRDA:185,6,1,1
BRDA:188,7,0,0
BRDA:188,7,1,1
BRDA:191,8,0,0
BRDA:191,8,1,1
BRDA:196,9,0,0
BRDA:196,9,1,1
BRF:20
BRH:12
end_of_record
